ERROR - 2025-09-26 01:00:24 --> mysqli_sql_exception: Duplicate entry 'admin@example.com' for key 'email' in C:\xampp\htdocs\ITE311-PIJERA\system\Database\MySQLi\Connection.php:327
Stack trace:
#0 C:\xampp\htdocs\ITE311-PIJERA\system\Database\MySQLi\Connection.php(327): mysqli->query('INSERT INTO `us...', 0)
#1 C:\xampp\htdocs\ITE311-PIJERA\system\Database\BaseConnection.php(729): CodeIgniter\Database\MySQLi\Connection->execute('INSERT INTO `us...')
#2 C:\xampp\htdocs\ITE311-PIJERA\system\Database\BaseConnection.php(646): CodeIgniter\Database\BaseConnection->simpleQuery('INSERT INTO `us...')
#3 C:\xampp\htdocs\ITE311-PIJERA\system\Database\BaseBuilder.php(1841): CodeIgniter\Database\BaseConnection->query('INSERT INTO `us...', NULL, false)
#4 C:\xampp\htdocs\ITE311-PIJERA\system\Database\BaseBuilder.php(2230): CodeIgniter\Database\BaseBuilder->batchExecute('_insertBatch', 100)
#5 C:\xampp\htdocs\ITE311-PIJERA\app\Database\Seeds\UserSeeder.php(46): CodeIgniter\Database\BaseBuilder->insertBatch(Array)
#6 C:\xampp\htdocs\ITE311-PIJERA\system\Database\Seeder.php(149): App\Database\Seeds\UserSeeder->run()
#7 C:\xampp\htdocs\ITE311-PIJERA\system\Commands\Database\Seed.php(79): CodeIgniter\Database\Seeder->call('App\\Database\\Se...')
#8 C:\xampp\htdocs\ITE311-PIJERA\system\CLI\Commands.php(74): CodeIgniter\Commands\Database\Seed->run(Array)
#9 C:\xampp\htdocs\ITE311-PIJERA\system\CLI\Console.php(47): CodeIgniter\CLI\Commands->run('db:seed', Array)
#10 C:\xampp\htdocs\ITE311-PIJERA\system\Boot.php(388): CodeIgniter\CLI\Console->run()
#11 C:\xampp\htdocs\ITE311-PIJERA\system\Boot.php(133): CodeIgniter\Boot::runCommand(Object(CodeIgniter\CLI\Console))
#12 C:\xampp\htdocs\ITE311-PIJERA\spark(87): CodeIgniter\Boot::bootSpark(Object(Config\Paths))
#13 {main}
CRITICAL - 2025-09-26 01:59:00 --> ParseError: syntax error, unexpected token "<<", expecting "]"
[Method: GET, Route: /]
in APPPATH\Config\Database.php on line 30.
 1 SYSTEMPATH\Autoloader\Autoloader.php(295): CodeIgniter\Autoloader\Autoloader->includeFile('C:\\xampp\\htdocs\\ITE311-PIJERA\\app\\Config\\Database.php')
 2 SYSTEMPATH\Autoloader\Autoloader.php(271): CodeIgniter\Autoloader\Autoloader->loadInNamespace('Config\\Database')
 3 SYSTEMPATH\Debug\Toolbar\Collectors\Database.php(258): CodeIgniter\Autoloader\Autoloader->loadClass('Config\\Database')
 4 SYSTEMPATH\Debug\Toolbar\Collectors\Database.php(75): CodeIgniter\Debug\Toolbar\Collectors\Database->getConnections()
 5 SYSTEMPATH\Debug\Toolbar.php(67): CodeIgniter\Debug\Toolbar\Collectors\Database->__construct()
 6 SYSTEMPATH\Config\Services.php(801): CodeIgniter\Debug\Toolbar->__construct(Object(Config\Toolbar))
 7 SYSTEMPATH\Config\BaseService.php(312): CodeIgniter\Config\Services::toolbar(Object(Config\Toolbar), false)
 8 SYSTEMPATH\Config\BaseService.php(251): CodeIgniter\Config\BaseService::__callStatic('toolbar', [...])
 9 SYSTEMPATH\Config\Services.php(796): CodeIgniter\Config\BaseService::getSharedInstance('toolbar', null)
10 SYSTEMPATH\Config\BaseService.php(321): CodeIgniter\Config\Services::toolbar()
11 SYSTEMPATH\Config\BaseService.php(202): CodeIgniter\Config\BaseService::__callStatic('toolbar', [])
12 SYSTEMPATH\Common.php(995): CodeIgniter\Config\BaseService::get('toolbar')
13 SYSTEMPATH\Filters\DebugToolbar.php(44): service('toolbar')
14 SYSTEMPATH\Filters\Filters.php(278): CodeIgniter\Filters\DebugToolbar->after(Object(CodeIgniter\HTTP\IncomingRequest), Object(CodeIgniter\HTTP\Response), null)
15 SYSTEMPATH\Filters\Filters.php(364): CodeIgniter\Filters\Filters->runAfter([...])
16 SYSTEMPATH\CodeIgniter.php(407): CodeIgniter\Filters\Filters->runRequired('after')
17 SYSTEMPATH\CodeIgniter.php(368): CodeIgniter\CodeIgniter->runRequiredAfterFilters(Object(CodeIgniter\Filters\Filters))
18 SYSTEMPATH\Boot.php(363): CodeIgniter\CodeIgniter->run()
19 SYSTEMPATH\Boot.php(68): CodeIgniter\Boot::runCodeIgniter(Object(CodeIgniter\CodeIgniter))
20 FCPATH\index.php(59): CodeIgniter\Boot::bootWeb(Object(Config\Paths))
21 SYSTEMPATH\rewrite.php(44): require_once('C:\\xampp\\htdocs\\ITE311-PIJERA\\public\\index.php')
CRITICAL - 2025-09-26 01:59:06 --> ParseError: syntax error, unexpected token "<<", expecting "]"
[Method: GET, Route: /]
in APPPATH\Config\Database.php on line 30.
 1 SYSTEMPATH\Autoloader\Autoloader.php(295): CodeIgniter\Autoloader\Autoloader->includeFile('C:\\xampp\\htdocs\\ITE311-PIJERA\\app\\Config\\Database.php')
 2 SYSTEMPATH\Autoloader\Autoloader.php(271): CodeIgniter\Autoloader\Autoloader->loadInNamespace('Config\\Database')
 3 SYSTEMPATH\Debug\Toolbar\Collectors\Database.php(258): CodeIgniter\Autoloader\Autoloader->loadClass('Config\\Database')
 4 SYSTEMPATH\Debug\Toolbar\Collectors\Database.php(75): CodeIgniter\Debug\Toolbar\Collectors\Database->getConnections()
 5 SYSTEMPATH\Debug\Toolbar.php(67): CodeIgniter\Debug\Toolbar\Collectors\Database->__construct()
 6 SYSTEMPATH\Config\Services.php(801): CodeIgniter\Debug\Toolbar->__construct(Object(Config\Toolbar))
 7 SYSTEMPATH\Config\BaseService.php(312): CodeIgniter\Config\Services::toolbar(Object(Config\Toolbar), false)
 8 SYSTEMPATH\Config\BaseService.php(251): CodeIgniter\Config\BaseService::__callStatic('toolbar', [...])
 9 SYSTEMPATH\Config\Services.php(796): CodeIgniter\Config\BaseService::getSharedInstance('toolbar', null)
10 SYSTEMPATH\Config\BaseService.php(321): CodeIgniter\Config\Services::toolbar()
11 SYSTEMPATH\Config\BaseService.php(202): CodeIgniter\Config\BaseService::__callStatic('toolbar', [])
12 SYSTEMPATH\Common.php(995): CodeIgniter\Config\BaseService::get('toolbar')
13 SYSTEMPATH\Filters\DebugToolbar.php(44): service('toolbar')
14 SYSTEMPATH\Filters\Filters.php(278): CodeIgniter\Filters\DebugToolbar->after(Object(CodeIgniter\HTTP\IncomingRequest), Object(CodeIgniter\HTTP\Response), null)
15 SYSTEMPATH\Filters\Filters.php(364): CodeIgniter\Filters\Filters->runAfter([...])
16 SYSTEMPATH\CodeIgniter.php(407): CodeIgniter\Filters\Filters->runRequired('after')
17 SYSTEMPATH\CodeIgniter.php(368): CodeIgniter\CodeIgniter->runRequiredAfterFilters(Object(CodeIgniter\Filters\Filters))
18 SYSTEMPATH\Boot.php(363): CodeIgniter\CodeIgniter->run()
19 SYSTEMPATH\Boot.php(68): CodeIgniter\Boot::runCodeIgniter(Object(CodeIgniter\CodeIgniter))
20 FCPATH\index.php(59): CodeIgniter\Boot::bootWeb(Object(Config\Paths))
21 SYSTEMPATH\rewrite.php(44): require_once('C:\\xampp\\htdocs\\ITE311-PIJERA\\public\\index.php')
CRITICAL - 2025-09-26 01:59:45 --> ParseError: syntax error, unexpected token "<<", expecting "]"
[Method: GET, Route: /]
in APPPATH\Config\Database.php on line 30.
 1 SYSTEMPATH\Autoloader\Autoloader.php(295): CodeIgniter\Autoloader\Autoloader->includeFile('C:\\xampp\\htdocs\\ITE311-PIJERA\\app\\Config\\Database.php')
 2 SYSTEMPATH\Autoloader\Autoloader.php(271): CodeIgniter\Autoloader\Autoloader->loadInNamespace('Config\\Database')
 3 SYSTEMPATH\Debug\Toolbar\Collectors\Database.php(258): CodeIgniter\Autoloader\Autoloader->loadClass('Config\\Database')
 4 SYSTEMPATH\Debug\Toolbar\Collectors\Database.php(75): CodeIgniter\Debug\Toolbar\Collectors\Database->getConnections()
 5 SYSTEMPATH\Debug\Toolbar.php(67): CodeIgniter\Debug\Toolbar\Collectors\Database->__construct()
 6 SYSTEMPATH\Config\Services.php(801): CodeIgniter\Debug\Toolbar->__construct(Object(Config\Toolbar))
 7 SYSTEMPATH\Config\BaseService.php(312): CodeIgniter\Config\Services::toolbar(Object(Config\Toolbar), false)
 8 SYSTEMPATH\Config\BaseService.php(251): CodeIgniter\Config\BaseService::__callStatic('toolbar', [...])
 9 SYSTEMPATH\Config\Services.php(796): CodeIgniter\Config\BaseService::getSharedInstance('toolbar', null)
10 SYSTEMPATH\Config\BaseService.php(321): CodeIgniter\Config\Services::toolbar()
11 SYSTEMPATH\Config\BaseService.php(202): CodeIgniter\Config\BaseService::__callStatic('toolbar', [])
12 SYSTEMPATH\Common.php(995): CodeIgniter\Config\BaseService::get('toolbar')
13 SYSTEMPATH\Filters\DebugToolbar.php(44): service('toolbar')
14 SYSTEMPATH\Filters\Filters.php(278): CodeIgniter\Filters\DebugToolbar->after(Object(CodeIgniter\HTTP\IncomingRequest), Object(CodeIgniter\HTTP\Response), null)
15 SYSTEMPATH\Filters\Filters.php(364): CodeIgniter\Filters\Filters->runAfter([...])
16 SYSTEMPATH\CodeIgniter.php(407): CodeIgniter\Filters\Filters->runRequired('after')
17 SYSTEMPATH\CodeIgniter.php(368): CodeIgniter\CodeIgniter->runRequiredAfterFilters(Object(CodeIgniter\Filters\Filters))
18 SYSTEMPATH\Boot.php(363): CodeIgniter\CodeIgniter->run()
19 SYSTEMPATH\Boot.php(68): CodeIgniter\Boot::runCodeIgniter(Object(CodeIgniter\CodeIgniter))
20 FCPATH\index.php(59): CodeIgniter\Boot::bootWeb(Object(Config\Paths))
21 SYSTEMPATH\rewrite.php(44): require_once('C:\\xampp\\htdocs\\ITE311-PIJERA\\public\\index.php')
